<?xml version="1.0" encoding="UTF-8"?>
<testsuite name="Academy Choucair" tests="1" skipped="0" failures="0" errors="0" timestamp="2021-07-18T03:38:38" hostname="DESKTOP-3OVUE96" time="55.365">
  <properties/>
  <testcase name="Search email Hermana" classname="Academy Choucair" time="55.365"/>
  <system-out><![CDATA[DestacadosHelloo word
hola pasamos hasta aqui !!!!! True
]]></system-out>
  <system-err><![CDATA[[Test worker] WARN net.thucydides.core.steps.BaseStepListener - stepStarted: net.thucydides.core.steps.ExecutedStepDescription@17ed9eb
[Test worker] WARN net.thucydides.core.steps.BaseStepListener - stepStarted: net.thucydides.core.steps.ExecutedStepDescription@b60e8d9
[Test worker] WARN net.thucydides.core.steps.BaseStepListener - stepStarted: net.thucydides.core.steps.ExecutedStepDescription@33c368c1
jul 17, 2021 10:38:42 PM org.openqa.selenium.remote.DesiredCapabilities chrome
INFORMACIÓN: Using `new ChromeOptions()` is preferred to `DesiredCapabilities.chrome()`
[Test worker] INFO net.serenitybdd.core.webdriver.driverproviders.ProvideNewDriver - Instantiating driver
[Test worker] INFO net.serenitybdd.core.webdriver.driverproviders.ProvideNewDriver - Driver capabilities: Capabilities {acceptInsecureCerts: false, browserName: chrome, chrome.switches: --start-maximazed, goog:chromeOptions: {args: [--start-maximazed], extensions: []}, loggingPrefs: org.openqa.selenium.logging..., platform: ANY, version: }
Starting ChromeDriver 91.0.4472.101 (af52a90bf87030dd1523486a1cd3ae25c5d76c9b-refs/branch-heads/4472@{#1462}) on port 2507
Only local connections are allowed.
Please see https://chromedriver.chromium.org/security-considerations for suggestions on keeping ChromeDriver safe.
ChromeDriver was started successfully.
jul 17, 2021 10:38:51 PM org.openqa.selenium.remote.ProtocolHandshake createSession
INFORMACIÓN: Detected dialect: W3C
[Test worker] WARN net.thucydides.core.steps.BaseStepListener - stepFinished: current outcome:Search email Hermana:Given than Leidy wants to find email called  in the inbox
| strUser | strPassword |
| lsgomez@unimayor.edu.co | silvana1081594494 | [Leidy open up [Leidy opens the Gmail page]]
[Test worker] WARN net.thucydides.core.steps.BaseStepListener - stepFinished: current outcome:Search email Hermana:Given than Leidy wants to find email called  in the inbox
| strUser | strPassword |
| lsgomez@unimayor.edu.co | silvana1081594494 | [Leidy open up [Leidy opens the Gmail page]]
[Test worker] WARN net.thucydides.core.steps.BaseStepListener - stepStarted: net.thucydides.core.steps.ExecutedStepDescription@3e5b83e5
[Test worker] WARN net.thucydides.core.steps.BaseStepListener - stepStarted: net.thucydides.core.steps.ExecutedStepDescription@48be685d
[Test worker] WARN net.thucydides.core.steps.BaseStepListener - stepFinished: current outcome:Search email Hermana:Given than Leidy wants to find email called  in the inbox
| strUser | strPassword |
| lsgomez@unimayor.edu.co | silvana1081594494 | [Leidy open up [Leidy opens the Gmail page], Leidy login [Leidy enters 'lsgomez@unimayor.edu.co' into were do we write user email]]
[Test worker] WARN net.thucydides.core.steps.BaseStepListener - stepStarted: net.thucydides.core.steps.ExecutedStepDescription@64f9e94d
[Test worker] WARN net.thucydides.core.steps.BaseStepListener - stepFinished: current outcome:Search email Hermana:Given than Leidy wants to find email called  in the inbox
| strUser | strPassword |
| lsgomez@unimayor.edu.co | silvana1081594494 | [Leidy open up [Leidy opens the Gmail page], Leidy login [Leidy enters 'lsgomez@unimayor.edu.co' into were do we write user email, Leidy clicks on next button to field password]]
[Test worker] WARN net.thucydides.core.steps.BaseStepListener - stepStarted: net.thucydides.core.steps.ExecutedStepDescription@3df7763d
[Test worker] WARN net.thucydides.core.steps.BaseStepListener - stepFinished: current outcome:Search email Hermana:Given than Leidy wants to find email called  in the inbox
| strUser | strPassword |
| lsgomez@unimayor.edu.co | silvana1081594494 | [Leidy open up [Leidy opens the Gmail page], Leidy login [Leidy enters 'lsgomez@unimayor.edu.co' into were do we write user email, Leidy clicks on next button to field password, Leidy enters 'silvana1081594494' into were do we write user password]]
[Test worker] WARN net.thucydides.core.steps.BaseStepListener - stepStarted: net.thucydides.core.steps.ExecutedStepDescription@669b3ee6
[Test worker] WARN net.thucydides.core.steps.BaseStepListener - stepFinished: current outcome:Search email Hermana:Given than Leidy wants to find email called  in the inbox
| strUser | strPassword |
| lsgomez@unimayor.edu.co | silvana1081594494 | [Leidy open up [Leidy opens the Gmail page], Leidy login [Leidy enters 'lsgomez@unimayor.edu.co' into were do we write user email, Leidy clicks on next button to field password, Leidy enters 'silvana1081594494' into were do we write user password, Leidy clicks on button to acceded email]]
[Test worker] WARN net.thucydides.core.steps.BaseStepListener - stepFinished: current outcome:Search email Hermana:Given than Leidy wants to find email called  in the inbox
| strUser | strPassword |
| lsgomez@unimayor.edu.co | silvana1081594494 | [Leidy open up [Leidy opens the Gmail page], Leidy login [Leidy enters 'lsgomez@unimayor.edu.co' into were do we write user email, Leidy clicks on next button to field password, Leidy enters 'silvana1081594494' into were do we write user password, Leidy clicks on button to acceded email]]
[Test worker] WARN net.thucydides.core.steps.BaseStepListener - stepFinished: current outcome:Search email Hermana:Given than Leidy wants to find email called  in the inbox
| strUser | strPassword |
| lsgomez@unimayor.edu.co | silvana1081594494 | [Leidy open up [Leidy opens the Gmail page], Leidy login [Leidy enters 'lsgomez@unimayor.edu.co' into were do we write user email, Leidy clicks on next button to field password, Leidy enters 'silvana1081594494' into were do we write user password, Leidy clicks on button to acceded email]]
[Test worker] WARN net.thucydides.core.steps.BaseStepListener - stepStarted: net.thucydides.core.steps.ExecutedStepDescription@1146bf9f
[Test worker] WARN net.thucydides.core.steps.BaseStepListener - stepStarted: net.thucydides.core.steps.ExecutedStepDescription@39a9278a
[Test worker] WARN net.thucydides.core.steps.BaseStepListener - stepStarted: net.thucydides.core.steps.ExecutedStepDescription@17ac78ae
[Test worker] WARN net.thucydides.core.steps.BaseStepListener - stepFinished: current outcome:Search email Hermana:Given than Leidy wants to find email called  in the inbox
| strUser | strPassword |
| lsgomez@unimayor.edu.co | silvana1081594494 | [Leidy open up [Leidy opens the Gmail page], Leidy login [Leidy enters 'lsgomez@unimayor.edu.co' into were do we write user email, Leidy clicks on next button to field password, Leidy enters 'silvana1081594494' into were do we write user password, Leidy clicks on button to acceded email]], When He search for the email  in the inbox
| strNameMail |
| Destacados | [Leidy search mail [Leidy enters 'Destacados' then hits [ENTER] into were do we write the email that want search]]
[Test worker] WARN net.thucydides.core.steps.BaseStepListener - stepStarted: net.thucydides.core.steps.ExecutedStepDescription@52b89e14
[Test worker] WARN net.thucydides.core.steps.BaseStepListener - stepFinished: current outcome:Search email Hermana:Given than Leidy wants to find email called  in the inbox
| strUser | strPassword |
| lsgomez@unimayor.edu.co | silvana1081594494 | [Leidy open up [Leidy opens the Gmail page], Leidy login [Leidy enters 'lsgomez@unimayor.edu.co' into were do we write user email, Leidy clicks on next button to field password, Leidy enters 'silvana1081594494' into were do we write user password, Leidy clicks on button to acceded email]], When He search for the email  in the inbox
| strNameMail |
| Destacados | [Leidy search mail [Leidy enters 'Destacados' then hits [ENTER] into were do we write the email that want search, Leidy clicks on were do we click inbox]]
[Test worker] WARN net.thucydides.core.steps.BaseStepListener - stepStarted: net.thucydides.core.steps.ExecutedStepDescription@5f52ab19
[Test worker] WARN net.thucydides.core.steps.BaseStepListener - stepFinished: current outcome:Search email Hermana:Given than Leidy wants to find email called  in the inbox
| strUser | strPassword |
| lsgomez@unimayor.edu.co | silvana1081594494 | [Leidy open up [Leidy opens the Gmail page], Leidy login [Leidy enters 'lsgomez@unimayor.edu.co' into were do we write user email, Leidy clicks on next button to field password, Leidy enters 'silvana1081594494' into were do we write user password, Leidy clicks on button to acceded email]], When He search for the email  in the inbox
| strNameMail |
| Destacados | [Leidy search mail [Leidy enters 'Destacados' then hits [ENTER] into were do we write the email that want search, Leidy clicks on were do we click inbox, Leidy clicks on were do we clic to show mail]]
[Test worker] WARN net.thucydides.core.steps.BaseStepListener - stepFinished: current outcome:Search email Hermana:Given than Leidy wants to find email called  in the inbox
| strUser | strPassword |
| lsgomez@unimayor.edu.co | silvana1081594494 | [Leidy open up [Leidy opens the Gmail page], Leidy login [Leidy enters 'lsgomez@unimayor.edu.co' into were do we write user email, Leidy clicks on next button to field password, Leidy enters 'silvana1081594494' into were do we write user password, Leidy clicks on button to acceded email]], When He search for the email  in the inbox
| strNameMail |
| Destacados | [Leidy search mail [Leidy enters 'Destacados' then hits [ENTER] into were do we write the email that want search, Leidy clicks on were do we click inbox, Leidy clicks on were do we clic to show mail]]
[Test worker] WARN net.thucydides.core.steps.BaseStepListener - stepFinished: current outcome:Search email Hermana:Given than Leidy wants to find email called  in the inbox
| strUser | strPassword |
| lsgomez@unimayor.edu.co | silvana1081594494 | [Leidy open up [Leidy opens the Gmail page], Leidy login [Leidy enters 'lsgomez@unimayor.edu.co' into were do we write user email, Leidy clicks on next button to field password, Leidy enters 'silvana1081594494' into were do we write user password, Leidy clicks on button to acceded email]], When He search for the email  in the inbox
| strNameMail |
| Destacados | [Leidy search mail [Leidy enters 'Destacados' then hits [ENTER] into were do we write the email that want search, Leidy clicks on were do we click inbox, Leidy clicks on were do we clic to show mail]]
[Test worker] WARN net.thucydides.core.steps.BaseStepListener - stepStarted: net.thucydides.core.steps.ExecutedStepDescription@43c3ab40
[Test worker] WARN net.thucydides.core.steps.BaseStepListener - stepStarted: net.thucydides.core.steps.ExecutedStepDescription@6d0a4de5
[Test worker] WARN net.thucydides.core.steps.BaseStepListener - stepFinished: current outcome:Search email Hermana:Given than Leidy wants to find email called  in the inbox
| strUser | strPassword |
| lsgomez@unimayor.edu.co | silvana1081594494 | [Leidy open up [Leidy opens the Gmail page], Leidy login [Leidy enters 'lsgomez@unimayor.edu.co' into were do we write user email, Leidy clicks on next button to field password, Leidy enters 'silvana1081594494' into were do we write user password, Leidy clicks on button to acceded email]], When He search for the email  in the inbox
| strNameMail |
| Destacados | [Leidy search mail [Leidy enters 'Destacados' then hits [ENTER] into were do we write the email that want search, Leidy clicks on were do we click inbox, Leidy clicks on were do we clic to show mail]], Then he finds the email called
| strNameMail |
| Destacados | [Then answer]
[Test worker] WARN net.thucydides.core.steps.BaseStepListener - stepFinished: current outcome:Search email Hermana:Given than Leidy wants to find email called  in the inbox
| strUser | strPassword |
| lsgomez@unimayor.edu.co | silvana1081594494 | [Leidy open up [Leidy opens the Gmail page], Leidy login [Leidy enters 'lsgomez@unimayor.edu.co' into were do we write user email, Leidy clicks on next button to field password, Leidy enters 'silvana1081594494' into were do we write user password, Leidy clicks on button to acceded email]], When He search for the email  in the inbox
| strNameMail |
| Destacados | [Leidy search mail [Leidy enters 'Destacados' then hits [ENTER] into were do we write the email that want search, Leidy clicks on were do we click inbox, Leidy clicks on were do we clic to show mail]], Then he finds the email called
| strNameMail |
| Destacados | [Then answer]
[Test worker] WARN net.thucydides.core.steps.BaseStepListener - testFinished: Search email Hermana:Given than Leidy wants to find email called  in the inbox
| strUser | strPassword |
| lsgomez@unimayor.edu.co | silvana1081594494 | [Leidy open up [Leidy opens the Gmail page], Leidy login [Leidy enters 'lsgomez@unimayor.edu.co' into were do we write user email, Leidy clicks on next button to field password, Leidy enters 'silvana1081594494' into were do we write user password, Leidy clicks on button to acceded email]], When He search for the email  in the inbox
| strNameMail |
| Destacados | [Leidy search mail [Leidy enters 'Destacados' then hits [ENTER] into were do we write the email that want search, Leidy clicks on were do we click inbox, Leidy clicks on were do we clic to show mail]], Then he finds the email called
| strNameMail |
| Destacados | [Then answer]
[Test worker] WARN net.thucydides.core.steps.BaseStepListener - TestOutcomes: [Search email Hermana:Given than Leidy wants to find email called  in the inbox
| strUser | strPassword |
| lsgomez@unimayor.edu.co | silvana1081594494 | [Leidy open up [Leidy opens the Gmail page], Leidy login [Leidy enters 'lsgomez@unimayor.edu.co' into were do we write user email, Leidy clicks on next button to field password, Leidy enters 'silvana1081594494' into were do we write user password, Leidy clicks on button to acceded email]], When He search for the email  in the inbox
| strNameMail |
| Destacados | [Leidy search mail [Leidy enters 'Destacados' then hits [ENTER] into were do we write the email that want search, Leidy clicks on were do we click inbox, Leidy clicks on were do we clic to show mail]], Then he finds the email called
| strNameMail |
| Destacados | [Then answer]]
[Test worker] WARN net.thucydides.core.steps.BaseStepListener - Final testOutcomes: [Search email Hermana:Given than Leidy wants to find email called  in the inbox
| strUser | strPassword |
| lsgomez@unimayor.edu.co | silvana1081594494 | [Leidy open up [Leidy opens the Gmail page], Leidy login [Leidy enters 'lsgomez@unimayor.edu.co' into were do we write user email, Leidy clicks on next button to field password, Leidy enters 'silvana1081594494' into were do we write user password, Leidy clicks on button to acceded email]], When He search for the email  in the inbox
| strNameMail |
| Destacados | [Leidy search mail [Leidy enters 'Destacados' then hits [ENTER] into were do we write the email that want search, Leidy clicks on were do we click inbox, Leidy clicks on were do we clic to show mail]], Then he finds the email called
| strNameMail |
| Destacados | [Then answer]]
[Test worker] INFO net.thucydides.core.steps.ConsoleLoggingListener - 
        __    _____ _____ ____ _____   ____   _    ____  ____  _____ ____  
  _     \ \  |_   _| ____/ ___|_   _| |  _ \ / \  / ___|/ ___|| ____|  _ \ 
 (_)_____| |   | | |  _| \___ \ | |   | |_) / _ \ \___ \\___ \|  _| | | | |
  _|_____| |   | | | |___ ___) || |   |  __/ ___ \ ___) |___) | |___| |_| |
 (_)     | |   |_| |_____|____/ |_|   |_| /_/   \_\____/|____/|_____|____/ 
        /_/                                                                

TEST PASSED: Search email Hermana
----------------------------------------------------------------------------
]]></system-err>
</testsuite>
